Using pre-set license

 COMMAND LINE ARGUMENTS:
/Applications/Unity/Hub/Editor/2020.3.4f1/Unity.app/Contents/MacOS/Unity
-adb2
-batchMode
-noUpm
-name
AssetImportWorker0
-projectPath
/Users/skazmierczak/Code/unitySubmission
-logFile
Logs/AssetImportWorker0.log
-srvPort
50320
Successfully changed project path to: /Users/skazmierczak/Code/unitySubmission
/Users/skazmierczak/Code/unitySubmission
Using Asset Import Pipeline V2.
Refreshing native plugins compatible for Editor in 69.25 ms, found 1 plugins.
Preloading 0 native plugins for Editor in 0.00 ms.
Initialize engine version: 2020.3.4f1 (0abb6314276a)
[Subsystems] Discovering subsystems at path /Applications/Unity/Hub/Editor/2020.3.4f1/Unity.app/Contents/Resources/UnitySubsystems
[Subsystems] Discovering subsystems at path /Users/skazmierczak/Code/unitySubmission/Assets
GfxDevice: creating device client; threaded=0
2021-07-14 14:42:44.875 Unity[50316:6294834] LC32G7xT preferred device: AMD Radeon Pro 555X (high power)
2021-07-14 14:42:44.875 Unity[50316:6294834] Metal devices available: 2
2021-07-14 14:42:44.875 Unity[50316:6294834] 0: AMD Radeon Pro 555X (high power)
2021-07-14 14:42:44.876 Unity[50316:6294834] 1: Intel(R) UHD Graphics 630 (low power)
2021-07-14 14:42:44.877 Unity[50316:6294834] Using device AMD Radeon Pro 555X (high power)
Initializing Metal device caps: AMD Radeon Pro 555X
Shader 'Universal Render Pipeline/Particles/Lit': fallback shader 'Universal Render Pipeline/Particles/SimpleLit' not found
Initialize mono
Mono path[0] = '/Applications/Unity/Hub/Editor/2020.3.4f1/Unity.app/Contents/Managed'
Mono path[1] = '/Applications/Unity/Hub/Editor/2020.3.4f1/Unity.app/Contents/MonoBleedingEdge/lib/mono/unityjit'
Mono config path = '/Applications/Unity/Hub/Editor/2020.3.4f1/Unity.app/Contents/MonoBleedingEdge/etc'
Using monoOptions --debugger-agent=transport=dt_socket,embedding=1,server=y,suspend=n,address=127.0.0.1:56316
Begin MonoManager ReloadAssembly
Registering precompiled unity dll's ...
Register platform support module: /Applications/Unity/Hub/Editor/2020.3.4f1/Unity.app/Contents/PlaybackEngines/MacStandaloneSupport/UnityEditor.OSXStandalone.Extensions.dll
Registered in 0.002081 seconds.
Native extension for OSXStandalone target not found
Refreshing native plugins compatible for Editor in 66.41 ms, found 1 plugins.
Preloading 0 native plugins for Editor in 0.00 ms.
Mono: successfully reloaded assembly
- Completed reload, in  5.761 seconds
Platform modules already initialized, skipping
Registering precompiled user dll's ...
Registered in 0.002566 seconds.
Begin MonoManager ReloadAssembly
Native extension for OSXStandalone target not found
Refreshing native plugins compatible for Editor in 62.47 ms, found 1 plugins.
Preloading 0 native plugins for Editor in 0.00 ms.
Mono: successfully reloaded assembly
- Completed reload, in  1.881 seconds
Platform modules already initialized, skipping
========================================================================
Worker process is ready to serve import requests
Shader 'Universal Render Pipeline/Particles/Lit': fallback shader 'Universal Render Pipeline/Particles/SimpleLit' not found
Launching external process: /Applications/Unity/Hub/Editor/2020.3.4f1/Unity.app/Contents/Tools/UnityShaderCompiler
Launched and connected shader compiler UnityShaderCompiler after 0.02 seconds
Refreshing native plugins compatible for Editor in 0.46 ms, found 1 plugins.
Preloading 0 native plugins for Editor in 0.00 ms.
Unloading 2422 Unused Serialized files (Serialized files now loaded: 0)
System memory in use before: 184.1 MB.
System memory in use after: 184.3 MB.

Unloading 10 unused Assets to reduce memory usage. Loaded Objects now: 2863.
Total: 3.158860 ms (FindLiveObjects: 0.316849 ms CreateObjectMapping: 0.176722 ms MarkObjects: 2.563276 ms  DeleteObjects: 0.100233 ms)

========================================================================
Received Import Request.
  path: Assets/Scenes/main.unity
  artifactKey: Guid(78a510c781f19db4da14f78ebb30946a) Importer(815301076,1909f56bfc062723c751e8b465ee728b)
Start importing Assets/Scenes/main.unity using Guid(78a510c781f19db4da14f78ebb30946a) Importer(815301076,1909f56bfc062723c751e8b465ee728b)  -> (artifact id: 'f384fa480a6f90328e8f7bed89fdeb9d') in 0.017368 seconds
  Import took 0.022021 seconds .

========================================================================
Received Import Request.
  Time since last request: 0.000234 seconds.
  path: Assets/Bounce.physicMaterial
  artifactKey: Guid(bc24b7fc41d5dfb4698e2ca16a37dfad) Importer(815301076,1909f56bfc062723c751e8b465ee728b)
Start importing Assets/Bounce.physicMaterial using Guid(bc24b7fc41d5dfb4698e2ca16a37dfad) Importer(815301076,1909f56bfc062723c751e8b465ee728b)  -> (artifact id: '63c70c4c27d25a6a9761f0e9c9a5e211') in 0.338258 seconds
  Import took 0.342753 seconds .

========================================================================
Received Import Request.
  Time since last request: 25.620130 seconds.
  path: Assets/Scripts/Ball.cs
  artifactKey: Guid(9378aa3f6eac646479e54cd5932ffd3f) Importer(815301076,1909f56bfc062723c751e8b465ee728b)
Start importing Assets/Scripts/Ball.cs using Guid(9378aa3f6eac646479e54cd5932ffd3f) Importer(815301076,1909f56bfc062723c751e8b465ee728b)  -> (artifact id: '336047a822946c176682bde8ce937aaf') in 0.504551 seconds
  Import took 0.508894 seconds .

========================================================================
Received Import Request.
  Time since last request: 2.201047 seconds.
  path: Assets/Scripts/Brick.cs
  artifactKey: Guid(4ae693949f13e78488ec36319c04419f) Importer(815301076,1909f56bfc062723c751e8b465ee728b)
Start importing Assets/Scripts/Brick.cs using Guid(4ae693949f13e78488ec36319c04419f) Importer(815301076,1909f56bfc062723c751e8b465ee728b)  -> (artifact id: 'bd3775b7bfa229f05cec88e7885c9625') in 0.004291 seconds
  Import took 0.008666 seconds .

========================================================================
Received Import Request.
  Time since last request: 5.597983 seconds.
  path: Assets/Scripts/DeathZone.cs
  artifactKey: Guid(ee19acfba77e9084fb4ce7ee7ff9e3d6) Importer(815301076,1909f56bfc062723c751e8b465ee728b)
Start importing Assets/Scripts/DeathZone.cs using Guid(ee19acfba77e9084fb4ce7ee7ff9e3d6) Importer(815301076,1909f56bfc062723c751e8b465ee728b)  -> (artifact id: '5624435658a39f72db01facda413e61f') in 0.003929 seconds
  Import took 0.008003 seconds .

========================================================================
Received Prepare
Registering precompiled user dll's ...
Registered in 0.002571 seconds.
Begin MonoManager ReloadAssembly
Native extension for OSXStandalone target not found
Refreshing native plugins compatible for Editor in 0.46 ms, found 1 plugins.
Preloading 0 native plugins for Editor in 0.00 ms.
Mono: successfully reloaded assembly
- Completed reload, in  1.232 seconds
Platform modules already initialized, skipping
Shader 'Universal Render Pipeline/Particles/Lit': fallback shader 'Universal Render Pipeline/Particles/SimpleLit' not found
Refreshing native plugins compatible for Editor in 0.44 ms, found 1 plugins.
Preloading 0 native plugins for Editor in 0.00 ms.
Unloading 2313 Unused Serialized files (Serialized files now loaded: 0)
System memory in use before: 186.0 MB.
System memory in use after: 186.2 MB.

Unloading 5 unused Assets to reduce memory usage. Loaded Objects now: 2866.
Total: 1.998329 ms (FindLiveObjects: 0.231854 ms CreateObjectMapping: 0.097636 ms MarkObjects: 1.655213 ms  DeleteObjects: 0.012845 ms)

========================================================================
Received Import Request.
  Time since last request: 25.337118 seconds.
  path: Assets/Scripts/MainManager.cs
  artifactKey: Guid(d110623a642692246a42fbc2d8d89884) Importer(815301076,1909f56bfc062723c751e8b465ee728b)
Start importing Assets/Scripts/MainManager.cs using Guid(d110623a642692246a42fbc2d8d89884) Importer(815301076,1909f56bfc062723c751e8b465ee728b)  -> (artifact id: '545b54c42aeac86992945552f4c8be5c') in 0.006443 seconds
  Import took 0.010304 seconds .

========================================================================
Received Import Request.
  Time since last request: 0.029138 seconds.
  path: Assets/Scripts/MainManager.cs
  artifactKey: Guid(d110623a642692246a42fbc2d8d89884) Importer(815301076,1909f56bfc062723c751e8b465ee728b)
Start importing Assets/Scripts/MainManager.cs using Guid(d110623a642692246a42fbc2d8d89884) Importer(815301076,1909f56bfc062723c751e8b465ee728b)  -> (artifact id: '545b54c42aeac86992945552f4c8be5c') in 0.003743 seconds
  Import took 0.007519 seconds .

